action: py27, msg: getenv
cwd: /home/farid/NetBeansProjects/LearPython
cmd: /home/farid/NetBeansProjects/LearPython/.tox/py27/bin/python -m pip install pytest
DEPRECATION: Python 2.7 will reach the end of its life on January 1st, 2020. Please upgrade your Python as Python 2.7 won't be maintained after that date. A future version of pip will drop support for Python 2.7.
Collecting pytest
  Using cached https://files.pythonhosted.org/packages/5d/c3/54f607bc9817fd284073ac68e99123f86616f431f9d29a855474b7cf00eb/pytest-4.4.1-py2.py3-none-any.whl
Collecting more-itertools<6.0.0,>=4.0.0; python_version <= "2.7" (from pytest)
  Using cached https://files.pythonhosted.org/packages/2f/9d/dcfe59e213093695f108508af1214cf9cd95cc5489e46877ec5cb56369e5/more_itertools-5.0.0-py2-none-any.whl
Requirement already satisfied: setuptools in ./.tox/py27/lib/python2.7/site-packages (from pytest) (41.0.1)
Collecting funcsigs>=1.0; python_version < "3.0" (from pytest)
  Using cached https://files.pythonhosted.org/packages/69/cb/f5be453359271714c01b9bd06126eaf2e368f1fddfff30818754b5ac2328/funcsigs-1.0.2-py2.py3-none-any.whl
Collecting py>=1.5.0 (from pytest)
  Using cached https://files.pythonhosted.org/packages/76/bc/394ad449851729244a97857ee14d7cba61ddb268dce3db538ba2f2ba1f0f/py-1.8.0-py2.py3-none-any.whl
Collecting pathlib2>=2.2.0; python_version < "3.6" (from pytest)
  Using cached https://files.pythonhosted.org/packages/2a/46/c696dcf1c7aad917b39b875acdc5451975e3a9b4890dca8329983201c97a/pathlib2-2.3.3-py2.py3-none-any.whl
Collecting pluggy>=0.9 (from pytest)
  Using cached https://files.pythonhosted.org/packages/84/e8/4ddac125b5a0e84ea6ffc93cfccf1e7ee1924e88f53c64e98227f0af2a5f/pluggy-0.9.0-py2.py3-none-any.whl
Collecting atomicwrites>=1.0 (from pytest)
  Using cached https://files.pythonhosted.org/packages/52/90/6155aa926f43f2b2a22b01be7241be3bfd1ceaf7d0b3267213e8127d41f4/atomicwrites-1.3.0-py2.py3-none-any.whl
Collecting six>=1.10.0 (from pytest)
  Using cached https://files.pythonhosted.org/packages/73/fb/00a976f728d0d1fecfe898238ce23f502a721c0ac0ecfedb80e0d88c64e9/six-1.12.0-py2.py3-none-any.whl
Collecting attrs>=17.4.0 (from pytest)
  Using cached https://files.pythonhosted.org/packages/23/96/d828354fa2dbdf216eaa7b7de0db692f12c234f7ef888cc14980ef40d1d2/attrs-19.1.0-py2.py3-none-any.whl
Collecting scandir; python_version < "3.5" (from pathlib2>=2.2.0; python_version < "3.6"->pytest)
Installing collected packages: six, more-itertools, funcsigs, py, scandir, pathlib2, pluggy, atomicwrites, attrs, pytest
Successfully installed atomicwrites-1.3.0 attrs-19.1.0 funcsigs-1.0.2 more-itertools-5.0.0 pathlib2-2.3.3 pluggy-0.9.0 py-1.8.0 pytest-4.4.1 scandir-1.10.0 six-1.12.0
