action: py36, msg: getenv
cwd: /home/farid/NetBeansProjects/LearPython
cmd: /home/farid/NetBeansProjects/LearPython/.tox/py36/bin/python -m pip install pytest
Collecting pytest
  Using cached https://files.pythonhosted.org/packages/5d/c3/54f607bc9817fd284073ac68e99123f86616f431f9d29a855474b7cf00eb/pytest-4.4.1-py2.py3-none-any.whl
Collecting more-itertools>=4.0.0; python_version > "2.7" (from pytest)
  Using cached https://files.pythonhosted.org/packages/b3/73/64fb5922b745fc1daee8a2880d907d2a70d9c7bb71eea86fcb9445daab5e/more_itertools-7.0.0-py3-none-any.whl
Collecting attrs>=17.4.0 (from pytest)
  Using cached https://files.pythonhosted.org/packages/23/96/d828354fa2dbdf216eaa7b7de0db692f12c234f7ef888cc14980ef40d1d2/attrs-19.1.0-py2.py3-none-any.whl
Collecting pluggy>=0.9 (from pytest)
  Using cached https://files.pythonhosted.org/packages/84/e8/4ddac125b5a0e84ea6ffc93cfccf1e7ee1924e88f53c64e98227f0af2a5f/pluggy-0.9.0-py2.py3-none-any.whl
Requirement already satisfied: setuptools in ./.tox/py36/lib/python3.6/site-packages (from pytest) (41.0.1)
Collecting atomicwrites>=1.0 (from pytest)
  Using cached https://files.pythonhosted.org/packages/52/90/6155aa926f43f2b2a22b01be7241be3bfd1ceaf7d0b3267213e8127d41f4/atomicwrites-1.3.0-py2.py3-none-any.whl
Collecting six>=1.10.0 (from pytest)
  Using cached https://files.pythonhosted.org/packages/73/fb/00a976f728d0d1fecfe898238ce23f502a721c0ac0ecfedb80e0d88c64e9/six-1.12.0-py2.py3-none-any.whl
Collecting py>=1.5.0 (from pytest)
  Using cached https://files.pythonhosted.org/packages/76/bc/394ad449851729244a97857ee14d7cba61ddb268dce3db538ba2f2ba1f0f/py-1.8.0-py2.py3-none-any.whl
Installing collected packages: more-itertools, attrs, pluggy, atomicwrites, six, py, pytest
Successfully installed atomicwrites-1.3.0 attrs-19.1.0 more-itertools-7.0.0 pluggy-0.9.0 py-1.8.0 pytest-4.4.1 six-1.12.0
